<?xml version="1.0" encoding="UTF-8"?>
<!-- Generated by org.testng.reporters.JUnitXMLReporter -->
<testsuite hostname="QA1073" ignored="0" name="Test" tests="1" failures="1" timestamp="2023-02-09T10:02:17 IST" time="43.855" errors="0">
  <testcase name="runScenario" time="9.108" classname="io.cucumber.testng.AbstractTestNGCucumberTests">
    <failure type="java.lang.RuntimeException">
      <![CDATA[java.lang.RuntimeException
at com.leafBot.selenium.api.base.SeleniumBase.locateElement(SeleniumBase.java:293)
at com.leafBot.pages.HomePage.verifyHomepage(HomePage.java:16)
at ✽.Homepage should be displayed(file:///C:/Users/Admin/selenium-frameworks/LeafBot/src/main/java/features/F01_Login.feature:7)
]]>
    </failure>
  </testcase> <!-- runScenario -->
</testsuite> <!-- Test -->
