-------------------------------------------------------------------------------
Test set: TestSuite
-------------------------------------------------------------------------------
Tests run: 1, Failures: 1, Errors: 0, Skipped: 0, Time elapsed: 46.677 s <<< FAILURE! - in TestSuite
runScenario(com.leafBot.testcases.TC003_LoginUsingCucumber)  Time elapsed: 9.113 s  <<< FAILURE!
java.lang.RuntimeException

