<?xml version="1.0" encoding="UTF-8"?>
<testng-results skipped="0" failed="0" ignored="0" total="1" passed="1">
  <reporter-output>
  </reporter-output>
  <suite name="Default suite" duration-ms="20000" started-at="2022-11-27T10:54:17 IST" finished-at="2022-11-27T10:54:37 IST">
    <groups>
      <group name="cucumber">
        <method signature="AbstractTestNGCucumberTests.runScenario(io.cucumber.testng.PickleWrapper,io.cucumber.testng.FeatureWrapper)[pri:0, instance:com.leafBot.testcases.TC003_LoginUsingCucumber@799d4f69]" name="runScenario" class="io.cucumber.testng.AbstractTestNGCucumberTests"/>
      </group> <!-- cucumber -->
    </groups>
    <test name="Default test" duration-ms="20000" started-at="2022-11-27T10:54:17 IST" finished-at="2022-11-27T10:54:37 IST">
      <class name="com.leafBot.testcases.TC003_LoginUsingCucumber">
        <test-method status="PASS" signature="startReport()[pri:0, instance:com.leafBot.testcases.TC003_LoginUsingCucumber@799d4f69]" name="startReport" is-config="true" duration-ms="1195" started-at="2022-11-27T10:54:15 IST" finished-at="2022-11-27T10:54:17 IST">
          <reporter-output>
          </reporter-output>
        </test-method> <!-- startReport -->
        <test-method status="PASS" signature="setValues()[pri:0, instance:com.leafBot.testcases.TC003_LoginUsingCucumber@799d4f69]" name="setValues" is-config="true" duration-ms="0" started-at="2022-11-27T10:54:17 IST" finished-at="2022-11-27T10:54:17 IST">
          <reporter-output>
          </reporter-output>
        </test-method> <!-- setValues -->
        <test-method status="PASS" signature="setUpClass()[pri:0, instance:com.leafBot.testcases.TC003_LoginUsingCucumber@799d4f69]" name="setUpClass" is-config="true" duration-ms="515" started-at="2022-11-27T10:54:17 IST" finished-at="2022-11-27T10:54:17 IST">
          <reporter-output>
          </reporter-output>
        </test-method> <!-- setUpClass -->
        <test-method status="PASS" signature="report()[pri:0, instance:com.leafBot.testcases.TC003_LoginUsingCucumber@799d4f69]" name="report" is-config="true" duration-ms="5" started-at="2022-11-27T10:54:17 IST" finished-at="2022-11-27T10:54:17 IST">
          <reporter-output>
          </reporter-output>
        </test-method> <!-- report -->
        <test-method status="PASS" signature="beforeMethod()[pri:0, instance:com.leafBot.testcases.TC003_LoginUsingCucumber@799d4f69]" name="beforeMethod" is-config="true" duration-ms="7801" started-at="2022-11-27T10:54:17 IST" finished-at="2022-11-27T10:54:25 IST">
          <reporter-output>
          </reporter-output>
        </test-method> <!-- beforeMethod -->
        <test-method status="PASS" signature="runScenario(io.cucumber.testng.PickleWrapper,io.cucumber.testng.FeatureWrapper)[pri:0, instance:com.leafBot.testcases.TC003_LoginUsingCucumber@799d4f69]" name="runScenario" duration-ms="11182" started-at="2022-11-27T10:54:25 IST" description="Runs Cucumber Scenarios" data-provider="scenarios" finished-at="2022-11-27T10:54:36 IST">
          <params>
            <param index="0">
              <value>
                <![CDATA["Login with positive data"]]>
              </value>
            </param>
            <param index="1">
              <value>
                <![CDATA["Optional[Login salesforce]"]]>
              </value>
            </param>
          </params>
          <reporter-output>
          </reporter-output>
        </test-method> <!-- runScenario -->
        <test-method status="PASS" signature="afterMethod()[pri:0, instance:com.leafBot.testcases.TC003_LoginUsingCucumber@799d4f69]" name="afterMethod" is-config="true" duration-ms="383" started-at="2022-11-27T10:54:36 IST" finished-at="2022-11-27T10:54:37 IST">
          <reporter-output>
          </reporter-output>
        </test-method> <!-- afterMethod -->
        <test-method status="PASS" signature="tearDownClass()[pri:0, instance:com.leafBot.testcases.TC003_LoginUsingCucumber@799d4f69]" name="tearDownClass" is-config="true" duration-ms="20" started-at="2022-11-27T10:54:37 IST" finished-at="2022-11-27T10:54:37 IST">
          <reporter-output>
          </reporter-output>
        </test-method> <!-- tearDownClass -->
        <test-method status="PASS" signature="stopReport()[pri:0, instance:com.leafBot.testcases.TC003_LoginUsingCucumber@799d4f69]" name="stopReport" is-config="true" duration-ms="669" started-at="2022-11-27T10:54:37 IST" finished-at="2022-11-27T10:54:37 IST">
          <reporter-output>
          </reporter-output>
        </test-method> <!-- stopReport -->
      </class> <!-- com.leafBot.testcases.TC003_LoginUsingCucumber -->
    </test> <!-- Default test -->
  </suite> <!-- Default suite -->
</testng-results>
