<?xml version="1.0" encoding="UTF-8"?>
<!-- Generated by org.testng.reporters.JUnitReportReporter -->
<testsuite skipped="0" hostname="QA1073" name="com.leafBot.testcases.TC003_LoginUsingCucumber" tests="1" failures="0" timestamp="2023-02-09T10:02:17 IST" time="43.250" errors="1">
  <testcase name="runScenario" time="43.250" classname="com.leafBot.testcases.TC003_LoginUsingCucumber">
    <error type="java.lang.RuntimeException">
      <![CDATA[java.lang.RuntimeException
at com.leafBot.selenium.api.base.SeleniumBase.locateElement(SeleniumBase.java:293)
at com.leafBot.pages.HomePage.verifyHomepage(HomePage.java:16)
at ✽.Homepage should be displayed(file:///C:/Users/Admin/selenium-frameworks/LeafBot/src/main/java/features/F01_Login.feature:7)
]]>
    </error>
  </testcase> <!-- runScenario -->
  <system-out/>
</testsuite> <!-- com.leafBot.testcases.TC003_LoginUsingCucumber -->
